
> frontend@0.1.0 start
> react-scripts start

(node:99075) [DEP_WEBPACK_DEV_SERVER_ON_AFTER_SETUP_MIDDLEWARE] DeprecationWarning: 'onAfterSetupMiddleware' option is deprecated. Please use the 'setupMiddlewares' option.
(Use `node --trace-deprecation ...` to show where the warning was created)
(node:99075) [DEP_WEBPACK_DEV_SERVER_ON_BEFORE_SETUP_MIDDLEWARE] DeprecationWarning: 'onBeforeSetupMiddleware' option is deprecated. Please use the 'setupMiddlewares' option.
Starting the development server...

Compiled successfully!

You can now view frontend in the browser.

  Local:            http://localhost:3001
  On Your Network:  http://192.168.31.65:3001

Note that the development build is not optimized.
To create a production build, use npm run build.

webpack compiled successfully
(node:99075) [DEP0060] DeprecationWarning: The `util._extend` API is deprecated. Please use Object.assign() instead.
Compiling...
Compiled successfully!
webpack compiled successfully
Compiling...
Failed to compile.

[eslint] 
src/components/ProjectDetail.jsx
  Line 383:26:  'formatCurrency' is not defined  no-undef
  Line 383:74:  'formatCurrency' is not defined  no-undef

Search for the keywords to learn more about each error.
ERROR in [eslint] 
src/components/ProjectDetail.jsx
  Line 383:26:  'formatCurrency' is not defined  no-undef
  Line 383:74:  'formatCurrency' is not defined  no-undef

Search for the keywords to learn more about each error.

webpack compiled with 1 error
Compiling...
Compiled successfully!
webpack compiled successfully
Compiling...
Compiled with warnings.

[eslint] 
src/components/ProjectDetail.jsx
  Line 20:3:  'Grid' is defined but never used  no-unused-vars

Search for the keywords to learn more about each warning.
To ignore, add // eslint-disable-next-line to the line before.

WARNING in [eslint] 
src/components/ProjectDetail.jsx
  Line 20:3:  'Grid' is defined but never used  no-unused-vars

webpack compiled with 1 warning
Compiling...
Compiled with warnings.

[eslint] 
src/components/ProjectDetail.jsx
  Line 20:3:  'Grid' is defined but never used  no-unused-vars

Search for the keywords to learn more about each warning.
To ignore, add // eslint-disable-next-line to the line before.

WARNING in [eslint] 
src/components/ProjectDetail.jsx
  Line 20:3:  'Grid' is defined but never used  no-unused-vars

webpack compiled with 1 warning
Compiling...
Compiled with warnings.

[eslint] 
src/components/ProjectDetail.jsx
  Line 20:3:  'Grid' is defined but never used  no-unused-vars

Search for the keywords to learn more about each warning.
To ignore, add // eslint-disable-next-line to the line before.

WARNING in [eslint] 
src/components/ProjectDetail.jsx
  Line 20:3:  'Grid' is defined but never used  no-unused-vars

webpack compiled with 1 warning
Compiling...
Compiled with warnings.

[eslint] 
src/components/ProjectDetail.jsx
  Line 20:3:  'Grid' is defined but never used  no-unused-vars

Search for the keywords to learn more about each warning.
To ignore, add // eslint-disable-next-line to the line before.

WARNING in [eslint] 
src/components/ProjectDetail.jsx
  Line 20:3:  'Grid' is defined but never used  no-unused-vars

webpack compiled with 1 warning
Compiling...
Compiled with warnings.

[eslint] 
src/components/ProjectDetail.jsx
  Line 20:3:  'Grid' is defined but never used  no-unused-vars

Search for the keywords to learn more about each warning.
To ignore, add // eslint-disable-next-line to the line before.

WARNING in [eslint] 
src/components/ProjectDetail.jsx
  Line 20:3:  'Grid' is defined but never used  no-unused-vars

webpack compiled with 1 warning
Compiling...
Compiled with warnings.

[eslint] 
src/components/ProjectDetail.jsx
  Line 20:3:  'Grid' is defined but never used  no-unused-vars

Search for the keywords to learn more about each warning.
To ignore, add // eslint-disable-next-line to the line before.

WARNING in [eslint] 
src/components/ProjectDetail.jsx
  Line 20:3:  'Grid' is defined but never used  no-unused-vars

webpack compiled with 1 warning
Compiling...
Compiled with warnings.

[eslint] 
src/components/ProjectDetail.jsx
  Line 20:3:  'Grid' is defined but never used  no-unused-vars

Search for the keywords to learn more about each warning.
To ignore, add // eslint-disable-next-line to the line before.

WARNING in [eslint] 
src/components/ProjectDetail.jsx
  Line 20:3:  'Grid' is defined but never used  no-unused-vars

webpack compiled with 1 warning
Compiling...
Compiled with warnings.

[eslint] 
src/components/ProjectDetail.jsx
  Line 20:3:  'Grid' is defined but never used  no-unused-vars

Search for the keywords to learn more about each warning.
To ignore, add // eslint-disable-next-line to the line before.

WARNING in [eslint] 
src/components/ProjectDetail.jsx
  Line 20:3:  'Grid' is defined but never used  no-unused-vars

webpack compiled with 1 warning
